# JRE version: OpenJDK Runtime Environment (8.0_112-b06) (build 1.8.0_112-release-b06)
# Java VM: OpenJDK 64-Bit Server VM (25.112-b06 mixed mode windows-amd64 compressed oops)
Heap:
 PSYoungGen      total 711680K, used 397021K [0x000000076ab00000, 0x000000079e900000, 0x00000007c0000000)
  eden space 596480K, 66% used [0x000000076ab00000,0x0000000782eb77c8,0x000000078f180000)
  from space 115200K, 0% used [0x000000078f180000,0x000000078f180000,0x0000000796200000)
  to   space 98304K, 0% used [0x0000000796200000,0x0000000796200000,0x000000079c200000)
 ParOldGen       total 329728K, used 329640K [0x00000006c0000000, 0x00000006d4200000, 0x000000076ab00000)
  object space 329728K, 99% used [0x00000006c0000000,0x00000006d41ea0a0,0x00000006d4200000)
 Metaspace       used 6559K, capacity 7344K, committed 7552K, reserved 1056768K
  class space    used 597K, capacity 616K, committed 640K, reserved 1048576K
GC Heap History (10 events):
Event: 5.945 GC heap before
{Heap before GC invocations=13 (full 2):
 PSYoungGen      total 694784K, used 668322K [0x000000076ab00000, 0x000000079e900000, 0x00000007c0000000)
  eden space 596480K, 100% used [0x000000076ab00000,0x000000078f180000,0x000000078f180000)
  from space 98304K, 73% used [0x0000000796200000,0x000000079a8289f8,0x000000079c200000)
  to   space 115200K, 0% used [0x000000078f180000,0x000000078f180000,0x0000000796200000)
 ParOldGen       total 301568K, used 170505K [0x00000006c0000000, 0x00000006d2680000, 0x000000076ab00000)
  object space 301568K, 56% used [0x00000006c0000000,0x00000006ca6826f8,0x00000006d2680000)
 Metaspace       used 6543K, capacity 7344K, committed 7552K, reserved 1056768K
  class space    used 596K, capacity 616K, committed 640K, reserved 1048576K
Event: 6.144 GC heap after
Heap after GC invocations=13 (full 2):
 PSYoungGen      total 711680K, used 115172K [0x000000076ab00000, 0x000000079e900000, 0x00000007c0000000)
  eden space 596480K, 0% used [0x000000076ab00000,0x000000076ab00000,0x000000078f180000)
  from space 115200K, 99% used [0x000000078f180000,0x00000007961f9128,0x0000000796200000)
  to   space 98304K, 0% used [0x0000000796200000,0x0000000796200000,0x000000079c200000)
 ParOldGen       total 301568K, used 219541K [0x00000006c0000000, 0x00000006d2680000, 0x000000076ab00000)
  object space 301568K, 72% used [0x00000006c0000000,0x00000006cd665570,0x00000006d2680000)
 Metaspace       used 6543K, capacity 7344K, committed 7552K, reserved 1056768K
  class space    used 596K, capacity 616K, committed 640K, reserved 1048576K
}
Event: 6.923 GC heap before
{Heap before GC invocations=14 (full 2):
 PSYoungGen      total 711680K, used 711652K [0x000000076ab00000, 0x000000079e900000, 0x00000007c0000000)
  eden space 596480K, 100% used [0x000000076ab00000,0x000000078f180000,0x000000078f180000)
  from space 115200K, 99% used [0x000000078f180000,0x00000007961f9128,0x0000000796200000)
  to   space 98304K, 0% used [0x0000000796200000,0x0000000796200000,0x000000079c200000)
 ParOldGen       total 301568K, used 219544K [0x00000006c0000000, 0x00000006d2680000, 0x000000076ab00000)
  object space 301568K, 72% used [0x00000006c0000000,0x00000006cd6662f0,0x00000006d2680000)
 Metaspace       used 6547K, capacity 7344K, committed 7552K, reserved 1056768K
  class space    used 596K, capacity 616K, committed 640K, reserved 1048576K
Event: 7.804 GC heap after
Heap after GC invocations=14 (full 2):
 PSYoungGen      total 711680K, used 711652K [0x000000076ab00000, 0x000000079e900000, 0x00000007c0000000)
  eden space 596480K, 100% used [0x000000076ab00000,0x000000078f180000,0x000000078f180000)
  from space 115200K, 99% used [0x000000078f180000,0x00000007961f9128,0x0000000796200000)
  to   space 98304K, 99% used [0x0000000796200000,0x000000079c1f9b80,0x000000079c200000)
 ParOldGen       total 329728K, used 329240K [0x00000006c0000000, 0x00000006d4200000, 0x000000076ab00000)
  object space 329728K, 99% used [0x00000006c0000000,0x00000006d4186008,0x00000006d4200000)
 Metaspace       used 6547K, capacity 7344K, committed 7552K, reserved 1056768K
  class space    used 596K, capacity 616K, committed 640K, reserved 1048576K
}
Event: 7.805 GC heap before
{Heap before GC invocations=15 (full 3):
 PSYoungGen      total 711680K, used 711652K [0x000000076ab00000, 0x000000079e900000, 0x00000007c0000000)
  eden space 596480K, 100% used [0x000000076ab00000,0x000000078f180000,0x000000078f180000)
  from space 115200K, 99% used [0x000000078f180000,0x00000007961f9128,0x0000000796200000)
  to   space 98304K, 99% used [0x0000000796200000,0x000000079c1f9b80,0x000000079c200000)
 ParOldGen       total 329728K, used 329240K [0x00000006c0000000, 0x00000006d4200000, 0x000000076ab00000)
  object space 329728K, 99% used [0x00000006c0000000,0x00000006d4186008,0x00000006d4200000)
 Metaspace       used 6547K, capacity 7344K, committed 7552K, reserved 1056768K
  class space    used 596K, capacity 616K, committed 640K, reserved 1048576K
Event: 9.925 GC heap after
Heap after GC invocations=15 (full 3):
 PSYoungGen      total 711680K, used 0K [0x000000076ab00000, 0x000000079e900000, 0x00000007c0000000)
  eden space 596480K, 0% used [0x000000076ab00000,0x000000076ab00000,0x000000078f180000)
  from space 115200K, 0% used [0x000000078f180000,0x000000078f180000,0x0000000796200000)
  to   space 98304K, 96% used [0x0000000796200000,0x000000079be86c38,0x000000079c200000)
 ParOldGen       total 329728K, used 329694K [0x00000006c0000000, 0x00000006d4200000, 0x000000076ab00000)
  object space 329728K, 99% used [0x00000006c0000000,0x00000006d41f7bc0,0x00000006d4200000)
 Metaspace       used 6547K, capacity 7344K, committed 7552K, reserved 1056768K
  class space    used 596K, capacity 616K, committed 640K, reserved 1048576K
}
Event: 9.948 GC heap before
{Heap before GC invocations=16 (full 4):
 PSYoungGen      total 711680K, used 9152K [0x000000076ab00000, 0x000000079e900000, 0x00000007c0000000)
  eden space 596480K, 1% used [0x000000076ab00000,0x000000076b3f02d0,0x000000078f180000)
  from space 115200K, 0% used [0x000000078f180000,0x000000078f180000,0x0000000796200000)
  to   space 98304K, 96% used [0x0000000796200000,0x000000079be86c38,0x000000079c200000)
 ParOldGen       total 329728K, used 329694K [0x00000006c0000000, 0x00000006d4200000, 0x000000076ab00000)
  object space 329728K, 99% used [0x00000006c0000000,0x00000006d41f7bc0,0x00000006d4200000)
 Metaspace       used 6547K, capacity 7344K, committed 7552K, reserved 1056768K
  class space    used 596K, capacity 616K, committed 640K, reserved 1048576K
Event: 10.432 GC heap after
Heap after GC invocations=16 (full 4):
 PSYoungGen      total 711680K, used 95212K [0x000000076ab00000, 0x000000079e900000, 0x00000007c0000000)
  eden space 596480K, 15% used [0x000000076ab00000,0x00000007707fb308,0x000000078f180000)
  from space 115200K, 0% used [0x000000078f180000,0x000000078f180000,0x0000000796200000)
  to   space 98304K, 0% used [0x0000000796200000,0x0000000796200000,0x000000079c200000)
 ParOldGen       total 329728K, used 329685K [0x00000006c0000000, 0x00000006d4200000, 0x000000076ab00000)
  object space 329728K, 99% used [0x00000006c0000000,0x00000006d41f5688,0x00000006d4200000)
 Metaspace       used 6547K, capacity 7344K, committed 7552K, reserved 1056768K
  class space    used 596K, capacity 616K, committed 640K, reserved 1048576K
}
Event: 11.310 GC heap before
{Heap before GC invocations=17 (full 5):
 PSYoungGen      total 711680K, used 596480K [0x000000076ab00000, 0x000000079e900000, 0x00000007c0000000)
  eden space 596480K, 100% used [0x000000076ab00000,0x000000078f180000,0x000000078f180000)
  from space 115200K, 0% used [0x000000078f180000,0x000000078f180000,0x0000000796200000)
  to   space 98304K, 0% used [0x0000000796200000,0x0000000796200000,0x000000079c200000)
 ParOldGen       total 329728K, used 329685K [0x00000006c0000000, 0x00000006d4200000, 0x000000076ab00000)
  object space 329728K, 99% used [0x00000006c0000000,0x00000006d41f5688,0x00000006d4200000)
 Metaspace       used 6559K, capacity 7344K, committed 7552K, reserved 1056768K
  class space    used 597K, capacity 616K, committed 640K, reserved 1048576K
Event: 12.490 GC heap after
Heap after GC invocations=17 (full 5):
 PSYoungGen      total 711680K, used 169515K [0x000000076ab00000, 0x000000079e900000, 0x00000007c0000000)
  eden space 596480K, 28% used [0x000000076ab00000,0x000000077508ad00,0x000000078f180000)
  from space 115200K, 0% used [0x000000078f180000,0x000000078f180000,0x0000000796200000)
  to   space 98304K, 0% used [0x0000000796200000,0x0000000796200000,0x000000079c200000)
 ParOldGen       total 329728K, used 329640K [0x00000006c0000000, 0x00000006d4200000, 0x000000076ab00000)
  object space 329728K, 99% used [0x00000006c0000000,0x00000006d41ea0a0,0x00000006d4200000)
 Metaspace       used 6559K, capacity 7344K, committed 7552K, reserved 1056768K
  class space    used 597K, capacity 616K, committed 640K, reserved 1048576K
}

